{"contracts/BlockhashRegistry.sol":{"l":{"34":4,"46":1,"48":1,"53":1,"54":7,"55":1,"74":0,"78":0,"83":0,"85":0,"86":0,"88":0,"89":0,"92":0,"93":0,"94":0,"97":0,"102":0,"104":0,"105":0,"112":4,"114":4,"116":4,"118":4,"119":4,"125":4,"139":0,"144":0,"145":0,"150":0,"152":0,"155":0,"160":0,"171":0,"187":0,"191":0,"194":0,"195":0,"199":0,"209":0,"210":0,"214":0,"218":0,"219":0,"223":0,"226":0,"240":0,"241":0,"242":0,"243":0,"244":0,"245":0,"246":0,"249":0,"254":0,"259":0,"264":0,"267":0,"269":0,"270":0,"271":0,"274":0,"275":0,"278":0},"path":"/home/balajipachai/Desktop/mastering_ethereum/explore-incubed-protocol/server/contracts/BlockhashRegistry.sol","s":{"1":4,"2":1,"3":1,"4":1,"5":7,"6":1,"7":0,"8":0,"9":0,"10":0,"11":0,"12":0,"13":0,"14":0,"15":0,"16":0,"17":0,"18":0,"19":0,"20":0,"21":4,"22":4,"23":4,"24":4,"25":4,"26":4,"27":0,"28":0,"29":0,"30":0,"31":0,"32":0,"33":0,"34":0,"35":0,"36":0,"37":0,"38":0,"39":0,"40":0,"41":0,"42":0,"43":0,"44":0,"45":0,"46":0,"47":0,"48":0,"49":0,"50":0,"51":0,"52":0,"53":0,"54":0,"55":0,"56":0,"57":0,"58":0,"59":0,"60":0,"61":0,"62":0},"b":{"1":[1,0],"2":[1,6],"3":[0,0],"4":[0,0],"5":[0,0],"6":[0,0],"7":[0,0],"8":[0,0],"9":[0,0],"10":[4,0],"11":[4,0],"12":[0,0],"13":[0,0],"14":[0,0],"15":[0,0],"16":[0,0],"17":[0,0],"18":[0,0],"19":[0,0],"20":[0,0],"21":[0,0],"22":[0,0],"23":[0,0]},"f":{"1":4,"2":1,"3":0,"4":4,"5":4,"6":0,"7":0,"8":0},"fnMap":{"1":{"name":"constructor","line":33,"loc":{"start":{"line":33,"column":4},"end":{"line":35,"column":4}}},"2":{"name":"searchForAvailableBlock","line":41,"loc":{"start":{"line":41,"column":4},"end":{"line":58,"column":4}}},"3":{"name":"recreateBlockheaders","line":69,"loc":{"start":{"line":69,"column":4},"end":{"line":106,"column":4}}},"4":{"name":"saveBlockNumber","line":111,"loc":{"start":{"line":111,"column":4},"end":{"line":120,"column":4}}},"5":{"name":"snapshot","line":123,"loc":{"start":{"line":123,"column":4},"end":{"line":126,"column":4}}},"6":{"name":"getRlpUint","line":133,"loc":{"start":{"line":133,"column":4},"end":{"line":172,"column":4}}},"7":{"name":"getParentAndBlockhash","line":177,"loc":{"start":{"line":177,"column":4},"end":{"line":227,"column":4}}},"8":{"name":"reCalculateBlockheaders","line":235,"loc":{"start":{"line":235,"column":4},"end":{"line":279,"column":4}}}},"statementMap":{"1":{"start":{"line":34,"column":8},"end":{"line":34,"column":17}},"2":{"start":{"line":46,"column":8},"end":{"line":46,"column":50}},"3":{"start":{"line":48,"column":8},"end":{"line":48,"column":2153}},"4":{"start":{"line":53,"column":8},"end":{"line":53,"column":2272}},"5":{"start":{"line":54,"column":12},"end":{"line":54,"column":2339}},"6":{"start":{"line":55,"column":16},"end":{"line":55,"column":24}},"7":{"start":{"line":74,"column":8},"end":{"line":74,"column":3541}},"8":{"start":{"line":78,"column":8},"end":{"line":78,"column":3663}},"9":{"start":{"line":83,"column":8},"end":{"line":83,"column":68}},"10":{"start":{"line":85,"column":8},"end":{"line":85,"column":57}},"11":{"start":{"line":86,"column":8},"end":{"line":86,"column":68}},"12":{"start":{"line":88,"column":8},"end":{"line":88,"column":65}},"13":{"start":{"line":89,"column":8},"end":{"line":89,"column":71}},"14":{"start":{"line":92,"column":8},"end":{"line":92,"column":4232}},"15":{"start":{"line":93,"column":12},"end":{"line":93,"column":31}},"16":{"start":{"line":94,"column":12},"end":{"line":94,"column":18}},"17":{"start":{"line":97,"column":8},"end":{"line":97,"column":4338}},"18":{"start":{"line":102,"column":8},"end":{"line":102,"column":56}},"19":{"start":{"line":104,"column":8},"end":{"line":104,"column":45}},"20":{"start":{"line":105,"column":8},"end":{"line":105,"column":51}},"21":{"start":{"line":112,"column":8},"end":{"line":112,"column":77}},"22":{"start":{"line":114,"column":8},"end":{"line":114,"column":47}},"23":{"start":{"line":116,"column":8},"end":{"line":116,"column":51}},"24":{"start":{"line":118,"column":8},"end":{"line":118,"column":45}},"25":{"start":{"line":119,"column":8},"end":{"line":119,"column":51}},"26":{"start":{"line":125,"column":8},"end":{"line":125,"column":40}},"27":{"start":{"line":139,"column":8},"end":{"line":139,"column":39}},"28":{"start":{"line":144,"column":8},"end":{"line":144,"column":66}},"29":{"start":{"line":145,"column":8},"end":{"line":145,"column":6237}},"30":{"start":{"line":147,"column":12},"end":{"line":147,"column":29}},"31":{"start":{"line":150,"column":8},"end":{"line":150,"column":30}},"32":{"start":{"line":152,"column":8},"end":{"line":152,"column":41}},"33":{"start":{"line":155,"column":8},"end":{"line":155,"column":63}},"34":{"start":{"line":171,"column":8},"end":{"line":171,"column":20}},"35":{"start":{"line":187,"column":8},"end":{"line":187,"column":44}},"36":{"start":{"line":191,"column":8},"end":{"line":191,"column":46}},"37":{"start":{"line":194,"column":8},"end":{"line":194,"column":41}},"38":{"start":{"line":195,"column":8},"end":{"line":195,"column":67}},"39":{"start":{"line":209,"column":8},"end":{"line":209,"column":55}},"40":{"start":{"line":210,"column":8},"end":{"line":210,"column":38}},"41":{"start":{"line":214,"column":8},"end":{"line":214,"column":20}},"42":{"start":{"line":218,"column":8},"end":{"line":218,"column":45}},"43":{"start":{"line":219,"column":8},"end":{"line":219,"column":9581}},"44":{"start":{"line":223,"column":8},"end":{"line":223,"column":46}},"45":{"start":{"line":226,"column":8},"end":{"line":226,"column":53}},"46":{"start":{"line":240,"column":8},"end":{"line":240,"column":68}},"47":{"start":{"line":241,"column":8},"end":{"line":241,"column":59}},"48":{"start":{"line":242,"column":8},"end":{"line":242,"column":41}},"49":{"start":{"line":243,"column":8},"end":{"line":243,"column":32}},"50":{"start":{"line":244,"column":8},"end":{"line":244,"column":35}},"51":{"start":{"line":245,"column":8},"end":{"line":245,"column":35}},"52":{"start":{"line":246,"column":8},"end":{"line":246,"column":49}},"53":{"start":{"line":249,"column":8},"end":{"line":249,"column":11131}},"54":{"start":{"line":254,"column":12},"end":{"line":254,"column":11563}},"55":{"start":{"line":259,"column":12},"end":{"line":259,"column":11683}},"56":{"start":{"line":264,"column":16},"end":{"line":264,"column":26}},"57":{"start":{"line":267,"column":12},"end":{"line":267,"column":74}},"58":{"start":{"line":269,"column":12},"end":{"line":269,"column":11980}},"59":{"start":{"line":270,"column":16},"end":{"line":270,"column":12044}},"60":{"start":{"line":271,"column":20},"end":{"line":271,"column":30}},"61":{"start":{"line":274,"column":12},"end":{"line":274,"column":40}},"62":{"start":{"line":278,"column":8},"end":{"line":278,"column":31}}},"branchMap":{"1":{"line":48,"type":"if","locations":[{"start":{"line":48,"column":8},"end":{"line":48,"column":8}},{"start":{"line":48,"column":8},"end":{"line":48,"column":8}}]},"2":{"line":54,"type":"if","locations":[{"start":{"line":54,"column":12},"end":{"line":54,"column":12}},{"start":{"line":54,"column":12},"end":{"line":54,"column":12}}]},"3":{"line":74,"type":"if","locations":[{"start":{"line":74,"column":8},"end":{"line":74,"column":8}},{"start":{"line":74,"column":8},"end":{"line":74,"column":8}}]},"4":{"line":78,"type":"if","locations":[{"start":{"line":78,"column":8},"end":{"line":78,"column":8}},{"start":{"line":78,"column":8},"end":{"line":78,"column":8}}]},"5":{"line":83,"type":"if","locations":[{"start":{"line":83,"column":8},"end":{"line":83,"column":8}},{"start":{"line":83,"column":8},"end":{"line":83,"column":8}}]},"6":{"line":86,"type":"if","locations":[{"start":{"line":86,"column":8},"end":{"line":86,"column":8}},{"start":{"line":86,"column":8},"end":{"line":86,"column":8}}]},"7":{"line":89,"type":"if","locations":[{"start":{"line":89,"column":8},"end":{"line":89,"column":8}},{"start":{"line":89,"column":8},"end":{"line":89,"column":8}}]},"8":{"line":92,"type":"if","locations":[{"start":{"line":92,"column":8},"end":{"line":92,"column":8}},{"start":{"line":92,"column":8},"end":{"line":92,"column":8}}]},"9":{"line":102,"type":"if","locations":[{"start":{"line":102,"column":8},"end":{"line":102,"column":8}},{"start":{"line":102,"column":8},"end":{"line":102,"column":8}}]},"10":{"line":112,"type":"if","locations":[{"start":{"line":112,"column":8},"end":{"line":112,"column":8}},{"start":{"line":112,"column":8},"end":{"line":112,"column":8}}]},"11":{"line":116,"type":"if","locations":[{"start":{"line":116,"column":8},"end":{"line":116,"column":8}},{"start":{"line":116,"column":8},"end":{"line":116,"column":8}}]},"12":{"line":144,"type":"if","locations":[{"start":{"line":144,"column":8},"end":{"line":144,"column":8}},{"start":{"line":144,"column":8},"end":{"line":144,"column":8}}]},"13":{"line":145,"type":"if","locations":[{"start":{"line":145,"column":8},"end":{"line":145,"column":8}},{"start":{"line":145,"column":8},"end":{"line":145,"column":8}}]},"14":{"line":155,"type":"if","locations":[{"start":{"line":155,"column":8},"end":{"line":155,"column":8}},{"start":{"line":155,"column":8},"end":{"line":155,"column":8}}]},"15":{"line":191,"type":"if","locations":[{"start":{"line":191,"column":8},"end":{"line":191,"column":8}},{"start":{"line":191,"column":8},"end":{"line":191,"column":8}}]},"16":{"line":195,"type":"if","locations":[{"start":{"line":195,"column":8},"end":{"line":195,"column":8}},{"start":{"line":195,"column":8},"end":{"line":195,"column":8}}]},"17":{"line":209,"type":"if","locations":[{"start":{"line":209,"column":8},"end":{"line":209,"column":8}},{"start":{"line":209,"column":8},"end":{"line":209,"column":8}}]},"18":{"line":219,"type":"if","locations":[{"start":{"line":219,"column":8},"end":{"line":219,"column":8}},{"start":{"line":219,"column":8},"end":{"line":219,"column":8}}]},"19":{"line":240,"type":"if","locations":[{"start":{"line":240,"column":8},"end":{"line":240,"column":8}},{"start":{"line":240,"column":8},"end":{"line":240,"column":8}}]},"20":{"line":241,"type":"if","locations":[{"start":{"line":241,"column":8},"end":{"line":241,"column":8}},{"start":{"line":241,"column":8},"end":{"line":241,"column":8}}]},"21":{"line":259,"type":"if","locations":[{"start":{"line":259,"column":12},"end":{"line":259,"column":12}},{"start":{"line":259,"column":12},"end":{"line":259,"column":12}}]},"22":{"line":269,"type":"if","locations":[{"start":{"line":269,"column":12},"end":{"line":269,"column":12}},{"start":{"line":269,"column":12},"end":{"line":269,"column":12}}]},"23":{"line":270,"type":"if","locations":[{"start":{"line":270,"column":16},"end":{"line":270,"column":16}},{"start":{"line":270,"column":16},"end":{"line":270,"column":16}}]}}},"contracts/IERC20.sol":{"l":{},"path":"/home/balajipachai/Desktop/mastering_ethereum/explore-incubed-protocol/server/contracts/IERC20.sol","s":{},"b":{},"f":{},"fnMap":{},"statementMap":{},"branchMap":{}},"contracts/NodeRegistryData.sol":{"l":{"116":25,"117":21,"124":4,"127":4,"128":4,"137":0,"138":0,"151":4,"152":2,"153":2,"167":0,"168":0,"169":0,"173":0,"174":0,"187":2,"188":2,"189":2,"201":3,"202":1,"203":1,"215":0,"216":0,"230":1,"234":1,"244":1,"266":4,"269":4,"271":4,"272":4,"273":4,"276":4,"277":4,"278":4,"279":4,"280":4,"282":4,"283":4,"285":4,"286":4,"289":4,"290":4,"291":4,"292":4,"294":4,"296":4,"309":1,"310":1,"312":1,"313":1,"325":2,"326":2,"327":2,"328":2,"347":2,"349":2,"351":2,"352":2,"355":2,"357":1,"359":1,"360":1,"361":1,"362":1,"363":1,"366":1,"369":2,"370":1,"373":2,"374":0,"377":2,"378":0,"381":2,"383":2,"385":2,"396":3,"407":35,"418":2,"424":1,"439":1,"440":1,"451":6,"472":2,"473":2,"475":2,"481":2,"483":2,"485":2,"486":2,"488":2,"491":2,"495":2,"496":2,"498":2,"499":2,"500":2},"path":"/home/balajipachai/Desktop/mastering_ethereum/explore-incubed-protocol/server/contracts/NodeRegistryData.sol","s":{"1":25,"2":4,"3":4,"4":4,"5":0,"6":0,"7":4,"8":2,"9":2,"10":0,"11":0,"12":0,"13":0,"14":0,"15":2,"16":2,"17":2,"18":3,"19":1,"20":1,"21":0,"22":0,"23":1,"24":1,"25":1,"26":4,"27":4,"28":4,"29":4,"30":4,"31":4,"32":4,"33":4,"34":4,"35":4,"36":4,"37":4,"38":4,"39":4,"40":4,"41":4,"42":4,"43":4,"44":4,"45":4,"46":1,"47":1,"48":1,"49":1,"50":2,"51":2,"52":2,"53":2,"54":2,"55":2,"56":2,"57":2,"58":2,"59":1,"60":1,"61":1,"62":1,"63":1,"64":1,"65":2,"66":1,"67":2,"68":0,"69":2,"70":0,"71":2,"72":2,"73":2,"74":3,"75":35,"76":2,"77":1,"78":1,"79":1,"80":6,"81":2,"82":2,"83":2,"84":2,"85":2,"86":2,"87":2,"88":2,"89":2,"90":2,"91":2,"92":2},"b":{"1":[21,4],"2":[2,2],"3":[0,0],"4":[1,2],"5":[1,0],"6":[1,1],"7":[1,0],"8":[1,1],"9":[0,2],"10":[0,2],"11":[2,0],"12":[2,0]},"f":{"1":25,"2":4,"3":0,"4":4,"5":0,"6":2,"7":3,"8":0,"9":1,"10":1,"11":4,"12":1,"13":2,"14":2,"15":3,"16":35,"17":2,"18":1,"19":1,"20":6,"21":2,"22":2},"fnMap":{"1":{"name":"onlyLogicContract","line":115,"loc":{"start":{"line":115,"column":4},"end":{"line":118,"column":4}}},"2":{"name":"constructor","line":122,"loc":{"start":{"line":122,"column":4},"end":{"line":129,"column":4}}},"3":{"name":"adminRemoveNodeFromRegistry","line":135,"loc":{"start":{"line":133,"column":4},"end":{"line":139,"column":4}}},"4":{"name":"adminSetLogic","line":148,"loc":{"start":{"line":146,"column":4},"end":{"line":154,"column":4}}},"5":{"name":"adminSetNodeDeposit","line":164,"loc":{"start":{"line":162,"column":4},"end":{"line":175,"column":4}}},"6":{"name":"adminSetStage","line":184,"loc":{"start":{"line":182,"column":4},"end":{"line":190,"column":4}}},"7":{"name":"adminSetSupportedToken","line":198,"loc":{"start":{"line":196,"column":4},"end":{"line":204,"column":4}}},"8":{"name":"adminSetTimeout","line":212,"loc":{"start":{"line":210,"column":4},"end":{"line":217,"column":4}}},"9":{"name":"adminTransferDeposit","line":227,"loc":{"start":{"line":225,"column":4},"end":{"line":235,"column":4}}},"10":{"name":"setConvict","line":242,"loc":{"start":{"line":240,"column":4},"end":{"line":245,"column":4}}},"11":{"name":"registerNodeFor","line":265,"loc":{"start":{"line":257,"column":4},"end":{"line":297,"column":4}}},"12":{"name":"transferOwnership","line":306,"loc":{"start":{"line":304,"column":4},"end":{"line":314,"column":4}}},"13":{"name":"unregisteringNode","line":322,"loc":{"start":{"line":320,"column":4},"end":{"line":329,"column":4}}},"14":{"name":"updateNode","line":346,"loc":{"start":{"line":340,"column":4},"end":{"line":386,"column":4}}},"15":{"name":"getIn3NodeInformation","line":391,"loc":{"start":{"line":391,"column":4},"end":{"line":397,"column":4}}},"16":{"name":"getSignerInformation","line":402,"loc":{"start":{"line":402,"column":4},"end":{"line":408,"column":4}}},"17":{"name":"getNodeInfromationBySigner","line":413,"loc":{"start":{"line":413,"column":4},"end":{"line":419,"column":4}}},"18":{"name":"totalNodes","line":423,"loc":{"start":{"line":423,"column":4},"end":{"line":425,"column":4}}},"19":{"name":"adminSetSignerInfo","line":436,"loc":{"start":{"line":434,"column":4},"end":{"line":441,"column":4}}},"20":{"name":"_calcProofHashInternal","line":446,"loc":{"start":{"line":446,"column":4},"end":{"line":462,"column":4}}},"21":{"name":"_unregisterNodeInternal","line":467,"loc":{"start":{"line":467,"column":4},"end":{"line":476,"column":4}}},"22":{"name":"_removeNodeInternal","line":480,"loc":{"start":{"line":480,"column":4},"end":{"line":501,"column":4}}}},"statementMap":{"1":{"start":{"line":116,"column":8},"end":{"line":116,"column":60}},"2":{"start":{"line":124,"column":8},"end":{"line":124,"column":4977}},"3":{"start":{"line":127,"column":8},"end":{"line":127,"column":24}},"4":{"start":{"line":128,"column":8},"end":{"line":128,"column":33}},"5":{"start":{"line":137,"column":8},"end":{"line":137,"column":58}},"6":{"start":{"line":138,"column":8},"end":{"line":138,"column":36}},"7":{"start":{"line":151,"column":8},"end":{"line":151,"column":73}},"8":{"start":{"line":152,"column":8},"end":{"line":152,"column":32}},"9":{"start":{"line":153,"column":8},"end":{"line":153,"column":19}},"10":{"start":{"line":167,"column":8},"end":{"line":167,"column":58}},"11":{"start":{"line":168,"column":8},"end":{"line":168,"column":46}},"12":{"start":{"line":169,"column":8},"end":{"line":169,"column":6557}},"13":{"start":{"line":173,"column":8},"end":{"line":173,"column":33}},"14":{"start":{"line":174,"column":8},"end":{"line":174,"column":19}},"15":{"start":{"line":187,"column":8},"end":{"line":187,"column":59}},"16":{"start":{"line":188,"column":8},"end":{"line":188,"column":24}},"17":{"start":{"line":189,"column":8},"end":{"line":189,"column":19}},"18":{"start":{"line":201,"column":8},"end":{"line":201,"column":68}},"19":{"start":{"line":202,"column":8},"end":{"line":202,"column":33}},"20":{"start":{"line":203,"column":8},"end":{"line":203,"column":19}},"21":{"start":{"line":215,"column":8},"end":{"line":215,"column":28}},"22":{"start":{"line":216,"column":8},"end":{"line":216,"column":19}},"23":{"start":{"line":230,"column":8},"end":{"line":230,"column":8542}},"24":{"start":{"line":234,"column":8},"end":{"line":234,"column":19}},"25":{"start":{"line":244,"column":8},"end":{"line":244,"column":52}},"26":{"start":{"line":266,"column":8},"end":{"line":266,"column":48}},"27":{"start":{"line":269,"column":8},"end":{"line":269,"column":59}},"28":{"start":{"line":271,"column":8},"end":{"line":271,"column":30}},"29":{"start":{"line":272,"column":8},"end":{"line":272,"column":24}},"30":{"start":{"line":273,"column":8},"end":{"line":273,"column":24}},"31":{"start":{"line":276,"column":8},"end":{"line":276,"column":24}},"32":{"start":{"line":277,"column":8},"end":{"line":277,"column":19}},"33":{"start":{"line":278,"column":8},"end":{"line":278,"column":23}},"34":{"start":{"line":279,"column":8},"end":{"line":279,"column":25}},"35":{"start":{"line":280,"column":8},"end":{"line":280,"column":27}},"36":{"start":{"line":282,"column":8},"end":{"line":282,"column":47}},"37":{"start":{"line":283,"column":8},"end":{"line":283,"column":25}},"38":{"start":{"line":285,"column":8},"end":{"line":285,"column":46}},"39":{"start":{"line":286,"column":8},"end":{"line":286,"column":20}},"40":{"start":{"line":289,"column":8},"end":{"line":289,"column":32}},"41":{"start":{"line":290,"column":8},"end":{"line":290,"column":21}},"42":{"start":{"line":291,"column":8},"end":{"line":291,"column":26}},"43":{"start":{"line":292,"column":8},"end":{"line":292,"column":29}},"44":{"start":{"line":294,"column":8},"end":{"line":294,"column":63}},"45":{"start":{"line":296,"column":8},"end":{"line":296,"column":19}},"46":{"start":{"line":309,"column":8},"end":{"line":309,"column":59}},"47":{"start":{"line":310,"column":8},"end":{"line":310,"column":62}},"48":{"start":{"line":312,"column":8},"end":{"line":312,"column":27}},"49":{"start":{"line":313,"column":8},"end":{"line":313,"column":19}},"50":{"start":{"line":325,"column":8},"end":{"line":325,"column":59}},"51":{"start":{"line":326,"column":8},"end":{"line":326,"column":42}},"52":{"start":{"line":327,"column":8},"end":{"line":327,"column":37}},"53":{"start":{"line":328,"column":8},"end":{"line":328,"column":19}},"54":{"start":{"line":347,"column":8},"end":{"line":347,"column":58}},"55":{"start":{"line":349,"column":8},"end":{"line":349,"column":46}},"56":{"start":{"line":351,"column":8},"end":{"line":351,"column":47}},"57":{"start":{"line":352,"column":8},"end":{"line":352,"column":51}},"58":{"start":{"line":355,"column":8},"end":{"line":355,"column":13012}},"59":{"start":{"line":357,"column":12},"end":{"line":357,"column":67}},"60":{"start":{"line":359,"column":12},"end":{"line":359,"column":36}},"61":{"start":{"line":360,"column":12},"end":{"line":360,"column":25}},"62":{"start":{"line":361,"column":12},"end":{"line":361,"column":34}},"63":{"start":{"line":362,"column":12},"end":{"line":362,"column":32}},"64":{"start":{"line":363,"column":12},"end":{"line":363,"column":26}},"65":{"start":{"line":369,"column":8},"end":{"line":369,"column":13428}},"66":{"start":{"line":370,"column":12},"end":{"line":370,"column":34}},"67":{"start":{"line":373,"column":8},"end":{"line":373,"column":13516}},"68":{"start":{"line":374,"column":12},"end":{"line":374,"column":30}},"69":{"start":{"line":377,"column":8},"end":{"line":377,"column":13596}},"70":{"start":{"line":378,"column":12},"end":{"line":378,"column":32}},"71":{"start":{"line":381,"column":8},"end":{"line":381,"column":52}},"72":{"start":{"line":383,"column":8},"end":{"line":383,"column":68}},"73":{"start":{"line":385,"column":8},"end":{"line":385,"column":19}},"74":{"start":{"line":396,"column":8},"end":{"line":396,"column":28}},"75":{"start":{"line":407,"column":8},"end":{"line":407,"column":35}},"76":{"start":{"line":418,"column":8},"end":{"line":418,"column":48}},"77":{"start":{"line":424,"column":8},"end":{"line":424,"column":27}},"78":{"start":{"line":439,"column":8},"end":{"line":439,"column":33}},"79":{"start":{"line":440,"column":8},"end":{"line":440,"column":19}},"80":{"start":{"line":451,"column":8},"end":{"line":451,"column":16029}},"81":{"start":{"line":472,"column":8},"end":{"line":472,"column":57}},"82":{"start":{"line":473,"column":8},"end":{"line":473,"column":37}},"83":{"start":{"line":475,"column":8},"end":{"line":475,"column":37}},"84":{"start":{"line":481,"column":8},"end":{"line":481,"column":72}},"85":{"start":{"line":483,"column":8},"end":{"line":483,"column":76}},"86":{"start":{"line":486,"column":8},"end":{"line":486,"column":37}},"87":{"start":{"line":488,"column":8},"end":{"line":488,"column":25}},"88":{"start":{"line":491,"column":8},"end":{"line":491,"column":17536}},"89":{"start":{"line":495,"column":8},"end":{"line":495,"column":44}},"90":{"start":{"line":496,"column":8},"end":{"line":496,"column":28}},"91":{"start":{"line":498,"column":8},"end":{"line":498,"column":60}},"92":{"start":{"line":499,"column":8},"end":{"line":499,"column":28}}},"branchMap":{"1":{"line":116,"type":"if","locations":[{"start":{"line":116,"column":8},"end":{"line":116,"column":8}},{"start":{"line":116,"column":8},"end":{"line":116,"column":8}}]},"2":{"line":151,"type":"if","locations":[{"start":{"line":151,"column":8},"end":{"line":151,"column":8}},{"start":{"line":151,"column":8},"end":{"line":151,"column":8}}]},"3":{"line":169,"type":"if","locations":[{"start":{"line":169,"column":8},"end":{"line":169,"column":8}},{"start":{"line":169,"column":8},"end":{"line":169,"column":8}}]},"4":{"line":201,"type":"if","locations":[{"start":{"line":201,"column":8},"end":{"line":201,"column":8}},{"start":{"line":201,"column":8},"end":{"line":201,"column":8}}]},"5":{"line":230,"type":"if","locations":[{"start":{"line":230,"column":8},"end":{"line":230,"column":8}},{"start":{"line":230,"column":8},"end":{"line":230,"column":8}}]},"6":{"line":355,"type":"if","locations":[{"start":{"line":355,"column":8},"end":{"line":355,"column":8}},{"start":{"line":355,"column":8},"end":{"line":355,"column":8}}]},"7":{"line":357,"type":"if","locations":[{"start":{"line":357,"column":12},"end":{"line":357,"column":12}},{"start":{"line":357,"column":12},"end":{"line":357,"column":12}}]},"8":{"line":369,"type":"if","locations":[{"start":{"line":369,"column":8},"end":{"line":369,"column":8}},{"start":{"line":369,"column":8},"end":{"line":369,"column":8}}]},"9":{"line":373,"type":"if","locations":[{"start":{"line":373,"column":8},"end":{"line":373,"column":8}},{"start":{"line":373,"column":8},"end":{"line":373,"column":8}}]},"10":{"line":377,"type":"if","locations":[{"start":{"line":377,"column":8},"end":{"line":377,"column":8}},{"start":{"line":377,"column":8},"end":{"line":377,"column":8}}]},"11":{"line":481,"type":"if","locations":[{"start":{"line":481,"column":8},"end":{"line":481,"column":8}},{"start":{"line":481,"column":8},"end":{"line":481,"column":8}}]},"12":{"line":488,"type":"if","locations":[{"start":{"line":488,"column":8},"end":{"line":488,"column":8}},{"start":{"line":488,"column":8},"end":{"line":488,"column":8}}]}}},"contracts/NodeRegistryLogic.sol":{"l":{"109":10,"110":6,"122":8,"126":6,"129":6,"130":6,"131":6,"135":4,"137":4,"138":4,"145":5,"147":3,"149":1,"158":3,"160":3,"162":3,"163":1,"166":1,"167":1,"172":1,"181":3,"184":1,"185":1,"187":1,"195":1,"210":10,"244":4,"245":4,"248":4,"250":4,"252":2,"254":2,"259":0,"273":7,"275":7,"276":5,"278":3,"280":1,"282":1,"283":1,"284":1,"285":1,"286":1,"288":1,"289":1,"291":1,"319":2,"322":2,"324":2,"325":0,"328":2,"331":2,"336":2,"340":2,"346":2,"348":0,"352":0,"367":0,"369":0,"375":0,"376":0,"377":0,"379":0,"380":0,"381":0,"382":0,"383":0,"385":0,"387":0,"388":0,"389":0,"392":0,"393":0,"403":7,"404":5,"406":5,"407":3,"409":1,"411":1,"413":1,"415":1,"425":5,"427":5,"428":3,"430":1,"432":1,"434":1,"436":1,"441":1,"461":6,"463":6,"464":4,"466":2,"468":2,"470":2,"473":2,"475":2,"476":1,"479":1,"487":1,"490":2,"492":2,"498":1,"504":1,"512":12,"515":10,"517":10,"536":10,"538":6,"542":6,"551":4,"553":4,"555":4,"557":4,"559":4,"561":4,"571":4},"path":"/home/balajipachai/Desktop/mastering_ethereum/explore-incubed-protocol/server/contracts/NodeRegistryLogic.sol","s":{"1":10,"2":8,"3":6,"4":6,"5":6,"6":6,"7":4,"8":4,"9":4,"10":5,"11":3,"12":1,"13":3,"14":3,"15":3,"16":1,"17":1,"18":1,"19":1,"20":3,"21":1,"22":1,"23":1,"24":1,"25":10,"26":4,"27":4,"28":4,"29":4,"30":2,"31":2,"32":0,"33":7,"34":7,"35":5,"36":3,"37":1,"38":1,"39":1,"40":1,"41":1,"42":1,"43":1,"44":1,"45":1,"46":2,"47":2,"48":2,"49":0,"50":2,"51":2,"52":2,"53":2,"54":2,"55":0,"56":0,"57":0,"58":0,"59":0,"60":0,"61":0,"62":0,"63":0,"64":0,"65":0,"66":0,"67":0,"68":0,"69":0,"70":0,"71":0,"72":0,"73":7,"74":5,"75":5,"76":3,"77":1,"78":1,"79":1,"80":1,"81":5,"82":5,"83":3,"84":1,"85":1,"86":1,"87":1,"88":1,"89":6,"90":6,"91":4,"92":2,"93":2,"94":2,"95":2,"96":2,"97":1,"98":1,"99":1,"100":2,"101":2,"102":1,"103":1,"104":12,"105":10,"106":10,"107":10,"108":6,"109":6,"110":4,"111":4,"112":4,"113":4,"114":4,"115":4,"116":4},"b":{"1":[6,4],"2":[6,2],"3":[4,2],"4":[3,2],"5":[1,2],"6":[3,0],"7":[1,2],"8":[1,2],"9":[2,2],"10":[0,2],"11":[5,2],"12":[3,2],"13":[1,2],"14":[2,0],"15":[0,2],"16":[2,0],"17":[2,0],"18":[0,2],"19":[0,0],"20":[0,0],"21":[0,0],"22":[0,0],"23":[5,2],"24":[3,2],"25":[1,2],"26":[1,0],"27":[3,2],"28":[1,2],"29":[1,0],"30":[4,2],"31":[2,2],"32":[2,0],"33":[1,1],"34":[1,0],"35":[10,2],"36":[10,0],"37":[8,2],"38":[4,2],"39":[4,0],"40":[4,0]},"f":{"1":10,"2":8,"3":5,"4":3,"5":3,"6":1,"7":10,"8":4,"9":7,"10":2,"11":7,"12":5,"13":6,"14":1,"15":1,"16":12,"17":10},"fnMap":{"1":{"name":"onlyAdmin","line":108,"loc":{"start":{"line":108,"column":4},"end":{"line":111,"column":4}}},"2":{"name":"constructor","line":117,"loc":{"start":{"line":117,"column":4},"end":{"line":139,"column":4}}},"3":{"name":"activateNewLogic","line":144,"loc":{"start":{"line":144,"column":4},"end":{"line":150,"column":4}}},"4":{"name":"adminRemoveNodeFromRegistry","line":156,"loc":{"start":{"line":156,"column":4},"end":{"line":173,"column":4}}},"5":{"name":"adminUpdateLogic","line":180,"loc":{"start":{"line":180,"column":4},"end":{"line":188,"column":4}}},"6":{"name":"convict","line":194,"loc":{"start":{"line":194,"column":4},"end":{"line":196,"column":4}}},"7":{"name":"registerNode","line":204,"loc":{"start":{"line":204,"column":4},"end":{"line":218,"column":4}}},"8":{"name":"registerNodeFor","line":234,"loc":{"start":{"line":234,"column":4},"end":{"line":267,"column":4}}},"9":{"name":"returnDeposit","line":272,"loc":{"start":{"line":272,"column":4},"end":{"line":297,"column":4}}},"10":{"name":"revealConvict","line":311,"loc":{"start":{"line":311,"column":4},"end":{"line":394,"column":4}}},"11":{"name":"transferOwnership","line":402,"loc":{"start":{"line":402,"column":4},"end":{"line":416,"column":4}}},"12":{"name":"unregisteringNode","line":424,"loc":{"start":{"line":424,"column":4},"end":{"line":442,"column":4}}},"13":{"name":"updateNode","line":454,"loc":{"start":{"line":454,"column":4},"end":{"line":493,"column":4}}},"14":{"name":"supportedToken","line":497,"loc":{"start":{"line":497,"column":4},"end":{"line":499,"column":4}}},"15":{"name":"totalNodes","line":503,"loc":{"start":{"line":503,"column":4},"end":{"line":505,"column":4}}},"16":{"name":"_checkNodePropertiesInternal","line":511,"loc":{"start":{"line":511,"column":4},"end":{"line":519,"column":4}}},"17":{"name":"_registerNodeInternal","line":528,"loc":{"start":{"line":528,"column":4},"end":{"line":572,"column":4}}}},"statementMap":{"1":{"start":{"line":109,"column":8},"end":{"line":109,"column":55}},"2":{"start":{"line":122,"column":8},"end":{"line":122,"column":4265}},"3":{"start":{"line":126,"column":8},"end":{"line":126,"column":37}},"4":{"start":{"line":129,"column":8},"end":{"line":129,"column":66}},"5":{"start":{"line":130,"column":8},"end":{"line":130,"column":28}},"6":{"start":{"line":131,"column":8},"end":{"line":131,"column":4638}},"7":{"start":{"line":135,"column":8},"end":{"line":135,"column":43}},"8":{"start":{"line":137,"column":8},"end":{"line":137,"column":31}},"9":{"start":{"line":138,"column":8},"end":{"line":138,"column":46}},"10":{"start":{"line":145,"column":8},"end":{"line":145,"column":52}},"11":{"start":{"line":147,"column":8},"end":{"line":147,"column":71}},"12":{"start":{"line":149,"column":8},"end":{"line":149,"column":54}},"13":{"start":{"line":158,"column":8},"end":{"line":158,"column":78}},"14":{"start":{"line":160,"column":8},"end":{"line":160,"column":5980}},"15":{"start":{"line":162,"column":8},"end":{"line":162,"column":65}},"16":{"start":{"line":163,"column":8},"end":{"line":163,"column":6166}},"17":{"start":{"line":166,"column":8},"end":{"line":166,"column":50}},"18":{"start":{"line":167,"column":8},"end":{"line":167,"column":6297}},"19":{"start":{"line":172,"column":8},"end":{"line":172,"column":49}},"20":{"start":{"line":181,"column":8},"end":{"line":181,"column":69}},"21":{"start":{"line":184,"column":8},"end":{"line":184,"column":48}},"22":{"start":{"line":185,"column":8},"end":{"line":185,"column":34}},"23":{"start":{"line":187,"column":8},"end":{"line":187,"column":45}},"24":{"start":{"line":195,"column":8},"end":{"line":195,"column":53}},"25":{"start":{"line":210,"column":8},"end":{"line":210,"column":8135}},"26":{"start":{"line":244,"column":8},"end":{"line":244,"column":64}},"27":{"start":{"line":245,"column":8},"end":{"line":245,"column":9503}},"28":{"start":{"line":248,"column":8},"end":{"line":248,"column":76}},"29":{"start":{"line":250,"column":8},"end":{"line":250,"column":57}},"30":{"start":{"line":252,"column":8},"end":{"line":252,"column":60}},"31":{"start":{"line":254,"column":8},"end":{"line":254,"column":9818}},"32":{"start":{"line":259,"column":8},"end":{"line":259,"column":9941}},"33":{"start":{"line":273,"column":8},"end":{"line":273,"column":10394}},"34":{"start":{"line":275,"column":8},"end":{"line":275,"column":67}},"35":{"start":{"line":276,"column":8},"end":{"line":276,"column":78}},"36":{"start":{"line":278,"column":8},"end":{"line":278,"column":72}},"37":{"start":{"line":280,"column":8},"end":{"line":280,"column":48}},"38":{"start":{"line":282,"column":8},"end":{"line":282,"column":24}},"39":{"start":{"line":283,"column":8},"end":{"line":283,"column":30}},"40":{"start":{"line":284,"column":8},"end":{"line":284,"column":19}},"41":{"start":{"line":285,"column":8},"end":{"line":285,"column":27}},"42":{"start":{"line":286,"column":8},"end":{"line":286,"column":19}},"43":{"start":{"line":288,"column":8},"end":{"line":288,"column":55}},"44":{"start":{"line":289,"column":8},"end":{"line":289,"column":71}},"45":{"start":{"line":291,"column":8},"end":{"line":291,"column":11126}},"46":{"start":{"line":319,"column":8},"end":{"line":319,"column":55}},"47":{"start":{"line":322,"column":8},"end":{"line":322,"column":54}},"48":{"start":{"line":324,"column":8},"end":{"line":324,"column":12488}},"49":{"start":{"line":325,"column":12},"end":{"line":325,"column":70}},"50":{"start":{"line":328,"column":8},"end":{"line":328,"column":54}},"51":{"start":{"line":331,"column":8},"end":{"line":331,"column":12732}},"52":{"start":{"line":336,"column":8},"end":{"line":336,"column":12855}},"53":{"start":{"line":340,"column":8},"end":{"line":340,"column":12981}},"54":{"start":{"line":346,"column":8},"end":{"line":346,"column":61}},"55":{"start":{"line":348,"column":8},"end":{"line":348,"column":13375}},"56":{"start":{"line":352,"column":8},"end":{"line":352,"column":13495}},"57":{"start":{"line":367,"column":8},"end":{"line":367,"column":13964}},"58":{"start":{"line":369,"column":8},"end":{"line":369,"column":14046}},"59":{"start":{"line":375,"column":8},"end":{"line":375,"column":27}},"60":{"start":{"line":376,"column":8},"end":{"line":376,"column":14245}},"61":{"start":{"line":377,"column":12},"end":{"line":377,"column":14343}},"62":{"start":{"line":379,"column":12},"end":{"line":379,"column":36}},"63":{"start":{"line":380,"column":12},"end":{"line":380,"column":59}},"64":{"start":{"line":381,"column":12},"end":{"line":381,"column":64}},"65":{"start":{"line":382,"column":12},"end":{"line":382,"column":77}},"66":{"start":{"line":383,"column":12},"end":{"line":383,"column":53}},"67":{"start":{"line":385,"column":12},"end":{"line":385,"column":37}},"68":{"start":{"line":387,"column":12},"end":{"line":387,"column":47}},"69":{"start":{"line":388,"column":12},"end":{"line":388,"column":31}},"70":{"start":{"line":389,"column":12},"end":{"line":389,"column":59}},"71":{"start":{"line":392,"column":8},"end":{"line":392,"column":69}},"72":{"start":{"line":393,"column":8},"end":{"line":393,"column":38}},"73":{"start":{"line":403,"column":8},"end":{"line":403,"column":60}},"74":{"start":{"line":404,"column":8},"end":{"line":404,"column":15598}},"75":{"start":{"line":406,"column":8},"end":{"line":406,"column":65}},"76":{"start":{"line":407,"column":8},"end":{"line":407,"column":55}},"77":{"start":{"line":409,"column":8},"end":{"line":409,"column":15843}},"78":{"start":{"line":411,"column":8},"end":{"line":411,"column":57}},"79":{"start":{"line":413,"column":8},"end":{"line":413,"column":61}},"80":{"start":{"line":415,"column":8},"end":{"line":415,"column":64}},"81":{"start":{"line":425,"column":8},"end":{"line":425,"column":16603}},"82":{"start":{"line":427,"column":8},"end":{"line":427,"column":65}},"83":{"start":{"line":428,"column":8},"end":{"line":428,"column":55}},"84":{"start":{"line":430,"column":8},"end":{"line":430,"column":16848}},"85":{"start":{"line":432,"column":8},"end":{"line":432,"column":57}},"86":{"start":{"line":434,"column":8},"end":{"line":434,"column":50}},"87":{"start":{"line":436,"column":8},"end":{"line":436,"column":17040}},"88":{"start":{"line":441,"column":8},"end":{"line":441,"column":49}},"89":{"start":{"line":461,"column":8},"end":{"line":461,"column":18193}},"90":{"start":{"line":463,"column":8},"end":{"line":463,"column":65}},"91":{"start":{"line":464,"column":8},"end":{"line":464,"column":55}},"92":{"start":{"line":466,"column":8},"end":{"line":466,"column":18442}},"93":{"start":{"line":468,"column":8},"end":{"line":468,"column":54}},"94":{"start":{"line":470,"column":8},"end":{"line":470,"column":38}},"95":{"start":{"line":473,"column":8},"end":{"line":473,"column":44}},"96":{"start":{"line":475,"column":8},"end":{"line":475,"column":18826}},"97":{"start":{"line":476,"column":12},"end":{"line":476,"column":69}},"98":{"start":{"line":479,"column":12},"end":{"line":479,"column":19073}},"99":{"start":{"line":487,"column":12},"end":{"line":487,"column":40}},"100":{"start":{"line":490,"column":8},"end":{"line":490,"column":75}},"101":{"start":{"line":492,"column":8},"end":{"line":492,"column":63}},"102":{"start":{"line":498,"column":8},"end":{"line":498,"column":48}},"103":{"start":{"line":504,"column":8},"end":{"line":504,"column":44}},"104":{"start":{"line":512,"column":8},"end":{"line":512,"column":60}},"105":{"start":{"line":515,"column":8},"end":{"line":515,"column":20496}},"106":{"start":{"line":517,"column":12},"end":{"line":517,"column":77}},"107":{"start":{"line":536,"column":8},"end":{"line":536,"column":45}},"108":{"start":{"line":538,"column":8},"end":{"line":538,"column":70}},"109":{"start":{"line":542,"column":8},"end":{"line":542,"column":21535}},"110":{"start":{"line":551,"column":8},"end":{"line":551,"column":21793}},"111":{"start":{"line":553,"column":8},"end":{"line":553,"column":48}},"112":{"start":{"line":555,"column":8},"end":{"line":555,"column":59}},"113":{"start":{"line":557,"column":8},"end":{"line":557,"column":44}},"114":{"start":{"line":559,"column":8},"end":{"line":559,"column":77}},"115":{"start":{"line":561,"column":8},"end":{"line":561,"column":22117}},"116":{"start":{"line":571,"column":8},"end":{"line":571,"column":63}}},"branchMap":{"1":{"line":109,"type":"if","locations":[{"start":{"line":109,"column":8},"end":{"line":109,"column":8}},{"start":{"line":109,"column":8},"end":{"line":109,"column":8}}]},"2":{"line":122,"type":"if","locations":[{"start":{"line":122,"column":8},"end":{"line":122,"column":8}},{"start":{"line":122,"column":8},"end":{"line":122,"column":8}}]},"3":{"line":131,"type":"if","locations":[{"start":{"line":131,"column":8},"end":{"line":131,"column":8}},{"start":{"line":131,"column":8},"end":{"line":131,"column":8}}]},"4":{"line":145,"type":"if","locations":[{"start":{"line":145,"column":8},"end":{"line":145,"column":8}},{"start":{"line":145,"column":8},"end":{"line":145,"column":8}}]},"5":{"line":147,"type":"if","locations":[{"start":{"line":147,"column":8},"end":{"line":147,"column":8}},{"start":{"line":147,"column":8},"end":{"line":147,"column":8}}]},"6":{"line":158,"type":"if","locations":[{"start":{"line":158,"column":8},"end":{"line":158,"column":8}},{"start":{"line":158,"column":8},"end":{"line":158,"column":8}}]},"7":{"line":162,"type":"if","locations":[{"start":{"line":162,"column":8},"end":{"line":162,"column":8}},{"start":{"line":162,"column":8},"end":{"line":162,"column":8}}]},"8":{"line":181,"type":"if","locations":[{"start":{"line":181,"column":8},"end":{"line":181,"column":8}},{"start":{"line":181,"column":8},"end":{"line":181,"column":8}}]},"9":{"line":250,"type":"if","locations":[{"start":{"line":250,"column":8},"end":{"line":250,"column":8}},{"start":{"line":250,"column":8},"end":{"line":250,"column":8}}]},"10":{"line":254,"type":"if","locations":[{"start":{"line":254,"column":8},"end":{"line":254,"column":8}},{"start":{"line":254,"column":8},"end":{"line":254,"column":8}}]},"11":{"line":275,"type":"if","locations":[{"start":{"line":275,"column":8},"end":{"line":275,"column":8}},{"start":{"line":275,"column":8},"end":{"line":275,"column":8}}]},"12":{"line":276,"type":"if","locations":[{"start":{"line":276,"column":8},"end":{"line":276,"column":8}},{"start":{"line":276,"column":8},"end":{"line":276,"column":8}}]},"13":{"line":278,"type":"if","locations":[{"start":{"line":278,"column":8},"end":{"line":278,"column":8}},{"start":{"line":278,"column":8},"end":{"line":278,"column":8}}]},"14":{"line":319,"type":"if","locations":[{"start":{"line":319,"column":8},"end":{"line":319,"column":8}},{"start":{"line":319,"column":8},"end":{"line":319,"column":8}}]},"15":{"line":324,"type":"if","locations":[{"start":{"line":324,"column":8},"end":{"line":324,"column":8}},{"start":{"line":324,"column":8},"end":{"line":324,"column":8}}]},"16":{"line":328,"type":"if","locations":[{"start":{"line":328,"column":8},"end":{"line":328,"column":8}},{"start":{"line":328,"column":8},"end":{"line":328,"column":8}}]},"17":{"line":331,"type":"if","locations":[{"start":{"line":331,"column":8},"end":{"line":331,"column":8}},{"start":{"line":331,"column":8},"end":{"line":331,"column":8}}]},"18":{"line":346,"type":"if","locations":[{"start":{"line":346,"column":8},"end":{"line":346,"column":8}},{"start":{"line":346,"column":8},"end":{"line":346,"column":8}}]},"19":{"line":348,"type":"if","locations":[{"start":{"line":348,"column":8},"end":{"line":348,"column":8}},{"start":{"line":348,"column":8},"end":{"line":348,"column":8}}]},"20":{"line":352,"type":"if","locations":[{"start":{"line":352,"column":8},"end":{"line":352,"column":8}},{"start":{"line":352,"column":8},"end":{"line":352,"column":8}}]},"21":{"line":369,"type":"if","locations":[{"start":{"line":369,"column":8},"end":{"line":369,"column":8}},{"start":{"line":369,"column":8},"end":{"line":369,"column":8}}]},"22":{"line":376,"type":"if","locations":[{"start":{"line":376,"column":8},"end":{"line":376,"column":8}},{"start":{"line":376,"column":8},"end":{"line":376,"column":8}}]},"23":{"line":403,"type":"if","locations":[{"start":{"line":403,"column":8},"end":{"line":403,"column":8}},{"start":{"line":403,"column":8},"end":{"line":403,"column":8}}]},"24":{"line":406,"type":"if","locations":[{"start":{"line":406,"column":8},"end":{"line":406,"column":8}},{"start":{"line":406,"column":8},"end":{"line":406,"column":8}}]},"25":{"line":407,"type":"if","locations":[{"start":{"line":407,"column":8},"end":{"line":407,"column":8}},{"start":{"line":407,"column":8},"end":{"line":407,"column":8}}]},"26":{"line":411,"type":"if","locations":[{"start":{"line":411,"column":8},"end":{"line":411,"column":8}},{"start":{"line":411,"column":8},"end":{"line":411,"column":8}}]},"27":{"line":427,"type":"if","locations":[{"start":{"line":427,"column":8},"end":{"line":427,"column":8}},{"start":{"line":427,"column":8},"end":{"line":427,"column":8}}]},"28":{"line":428,"type":"if","locations":[{"start":{"line":428,"column":8},"end":{"line":428,"column":8}},{"start":{"line":428,"column":8},"end":{"line":428,"column":8}}]},"29":{"line":432,"type":"if","locations":[{"start":{"line":432,"column":8},"end":{"line":432,"column":8}},{"start":{"line":432,"column":8},"end":{"line":432,"column":8}}]},"30":{"line":463,"type":"if","locations":[{"start":{"line":463,"column":8},"end":{"line":463,"column":8}},{"start":{"line":463,"column":8},"end":{"line":463,"column":8}}]},"31":{"line":464,"type":"if","locations":[{"start":{"line":464,"column":8},"end":{"line":464,"column":8}},{"start":{"line":464,"column":8},"end":{"line":464,"column":8}}]},"32":{"line":468,"type":"if","locations":[{"start":{"line":468,"column":8},"end":{"line":468,"column":8}},{"start":{"line":468,"column":8},"end":{"line":468,"column":8}}]},"33":{"line":475,"type":"if","locations":[{"start":{"line":475,"column":8},"end":{"line":475,"column":8}},{"start":{"line":475,"column":8},"end":{"line":475,"column":8}}]},"34":{"line":479,"type":"if","locations":[{"start":{"line":479,"column":12},"end":{"line":479,"column":12}},{"start":{"line":479,"column":12},"end":{"line":479,"column":12}}]},"35":{"line":512,"type":"if","locations":[{"start":{"line":512,"column":8},"end":{"line":512,"column":8}},{"start":{"line":512,"column":8},"end":{"line":512,"column":8}}]},"36":{"line":515,"type":"if","locations":[{"start":{"line":515,"column":8},"end":{"line":515,"column":8}},{"start":{"line":515,"column":8},"end":{"line":515,"column":8}}]},"37":{"line":517,"type":"if","locations":[{"start":{"line":517,"column":12},"end":{"line":517,"column":12}},{"start":{"line":517,"column":12},"end":{"line":517,"column":12}}]},"38":{"line":542,"type":"if","locations":[{"start":{"line":542,"column":8},"end":{"line":542,"column":8}},{"start":{"line":542,"column":8},"end":{"line":542,"column":8}}]},"39":{"line":557,"type":"if","locations":[{"start":{"line":557,"column":8},"end":{"line":557,"column":8}},{"start":{"line":557,"column":8},"end":{"line":557,"column":8}}]},"40":{"line":559,"type":"if","locations":[{"start":{"line":559,"column":8},"end":{"line":559,"column":8}},{"start":{"line":559,"column":8},"end":{"line":559,"column":8}}]}}},"contracts/WETH9.sol":{"l":{"36":0,"40":7,"41":7,"45":3,"49":1,"50":1,"51":1,"55":6,"56":6,"57":6,"61":1,"69":8,"71":6,"72":5,"76":5,"79":6,"80":6,"82":6,"83":6,"87":1},"path":"/home/balajipachai/Desktop/mastering_ethereum/explore-incubed-protocol/server/contracts/WETH9.sol","s":{"1":0,"2":7,"3":7,"4":3,"5":1,"6":1,"7":1,"8":6,"9":6,"10":6,"11":1,"12":8,"13":6,"14":5,"15":5,"16":6,"17":6,"18":6,"19":6,"20":1},"b":{"1":[1,2],"2":[6,2],"3":[5,1],"4":[5,0]},"f":{"1":0,"2":7,"3":3,"4":6,"5":1,"6":8,"7":1},"fnMap":{"1":{"name":"","line":35,"loc":{"start":{"line":35,"column":4},"end":{"line":37,"column":4}}},"2":{"name":"deposit","line":39,"loc":{"start":{"line":39,"column":4},"end":{"line":42,"column":4}}},"3":{"name":"withdraw","line":44,"loc":{"start":{"line":44,"column":4},"end":{"line":52,"column":4}}},"4":{"name":"approve","line":54,"loc":{"start":{"line":54,"column":4},"end":{"line":58,"column":4}}},"5":{"name":"transfer","line":60,"loc":{"start":{"line":60,"column":4},"end":{"line":62,"column":4}}},"6":{"name":"transferFrom","line":64,"loc":{"start":{"line":64,"column":4},"end":{"line":84,"column":4}}},"7":{"name":"totalSupply","line":86,"loc":{"start":{"line":86,"column":4},"end":{"line":88,"column":4}}}},"statementMap":{"1":{"start":{"line":36,"column":8},"end":{"line":36,"column":16}},"2":{"start":{"line":40,"column":8},"end":{"line":40,"column":41}},"3":{"start":{"line":41,"column":8},"end":{"line":41,"column":43}},"4":{"start":{"line":45,"column":8},"end":{"line":45,"column":1544}},"5":{"start":{"line":49,"column":8},"end":{"line":49,"column":35}},"6":{"start":{"line":50,"column":8},"end":{"line":50,"column":31}},"7":{"start":{"line":51,"column":8},"end":{"line":51,"column":40}},"8":{"start":{"line":55,"column":8},"end":{"line":55,"column":39}},"9":{"start":{"line":56,"column":8},"end":{"line":56,"column":43}},"10":{"start":{"line":57,"column":8},"end":{"line":57,"column":19}},"11":{"start":{"line":61,"column":8},"end":{"line":61,"column":49}},"12":{"start":{"line":69,"column":8},"end":{"line":69,"column":76}},"13":{"start":{"line":71,"column":8},"end":{"line":71,"column":2297}},"14":{"start":{"line":72,"column":12},"end":{"line":72,"column":2383}},"15":{"start":{"line":76,"column":12},"end":{"line":76,"column":44}},"16":{"start":{"line":79,"column":8},"end":{"line":79,"column":28}},"17":{"start":{"line":80,"column":8},"end":{"line":80,"column":28}},"18":{"start":{"line":82,"column":8},"end":{"line":82,"column":36}},"19":{"start":{"line":83,"column":8},"end":{"line":83,"column":19}},"20":{"start":{"line":87,"column":8},"end":{"line":87,"column":36}}},"branchMap":{"1":{"line":45,"type":"if","locations":[{"start":{"line":45,"column":8},"end":{"line":45,"column":8}},{"start":{"line":45,"column":8},"end":{"line":45,"column":8}}]},"2":{"line":69,"type":"if","locations":[{"start":{"line":69,"column":8},"end":{"line":69,"column":8}},{"start":{"line":69,"column":8},"end":{"line":69,"column":8}}]},"3":{"line":71,"type":"if","locations":[{"start":{"line":71,"column":8},"end":{"line":71,"column":8}},{"start":{"line":71,"column":8},"end":{"line":71,"column":8}}]},"4":{"line":72,"type":"if","locations":[{"start":{"line":72,"column":12},"end":{"line":72,"column":12}},{"start":{"line":72,"column":12},"end":{"line":72,"column":12}}]}}}}